0 silly argv { _: [ 'version' ], lernaVersion: '3.6.0', '$0': 'lerna' }
1 notice cli v3.6.0
2 verbose rootPath /home/GRUPOTEKNISA/arthurcaldas/workfolder/travis-test
3 info current version 0.1.14
4 silly isAnythingCommitted
5 verbose isAnythingCommitted 1
6 silly currentBranch
7 verbose currentBranch master
8 silly remoteBranchExists
9 silly isBehindUpstream
10 silly isBehindUpstream master is behind origin/master by 0 commit(s) and ahead by 0
11 silly hasTags
12 verbose hasTags true
13 silly git-describe.sync "v0.1.15-1-g0b6769f" => {"lastTagName":"v0.1.15","lastVersion":"v0.1.15","refCount":"1","sha":"0b6769f","isDirty":false}
14 info Looking for changed packages since v0.1.15
15 silly diffSinceIn v0.1.15 packages/baz
16 silly diff packages/baz/index.js
16 silly diff packages/baz/package.json
17 silly diffSinceIn v0.1.15 packages/foo
18 silly diff packages/foo/package.json
19 verbose updated baz
20 verbose updated foo
21 verbose git-describe undefined => "v0.1.15-1-g0b6769f"
22 silly git-describe parsed => {"lastTagName":"v0.1.15","lastVersion":"v0.1.15","refCount":"1","sha":"0b6769f","isDirty":false}
23 silly batched [ PackageGraphNode {
23 silly batched     name: 'baz',
23 silly batched     externalDependencies: Map {},
23 silly batched     localDependencies: Map {},
23 silly batched     localDependents: Map {} },
23 silly batched   PackageGraphNode {
23 silly batched     name: 'foo',
23 silly batched     externalDependencies: Map {},
23 silly batched     localDependencies: Map {},
23 silly batched     localDependents: Map {} } ]
24 silly gitAdd [ '/home/GRUPOTEKNISA/arthurcaldas/workfolder/travis-test/packages/foo/package.json',
24 silly gitAdd   '/home/GRUPOTEKNISA/arthurcaldas/workfolder/travis-test/packages/baz/package.json',
24 silly gitAdd   '/home/GRUPOTEKNISA/arthurcaldas/workfolder/travis-test/lerna.json' ]
25 silly gitCommit v0.1.15
26 verbose git [ 'commit', '-m', 'v0.1.15' ]
27 silly gitTag v0.1.15
28 verbose git [ 'tag', 'v0.1.15', '-m', 'v0.1.15' ]
29 error Error: Command failed: git tag v0.1.15 -m v0.1.15
29 error fatal: tag 'v0.1.15' already exists
29 error
29 error     at makeError (/home/GRUPOTEKNISA/arthurcaldas/bin/node/lib/node_modules/lerna/node_modules/execa/index.js:174:9)
29 error     at Promise.all.then.arr (/home/GRUPOTEKNISA/arthurcaldas/bin/node/lib/node_modules/lerna/node_modules/execa/index.js:278:16)
